<?xml version="1.0" encoding="UTF-8"?>
<testsuite name="org.testcommon.OperationTest" tests="1" skipped="0" failures="0" errors="0" timestamp="2021-10-08T12:30:15" hostname="MEHTASPF2MXTLE" time="0.026">
  <properties/>
  <testcase name="testToOperate[jvm]" classname="org.testcommon.OperationTest" time="0.026"/>
  <system-out><![CDATA[Hello I am JVM
]]></system-out>
  <system-err><![CDATA[]]></system-err>
</testsuite>
